make all --print-data-base --no-builtin-variables --no-builtin-rules --question
# GNU Make 3.81
# Copyright (C) 2006  Free Software Foundation, Inc.
# This is free software; see the source for copying conditions.
# There is NO warranty; not even for MERCHANTABILITY or FITNESS FOR A
# PARTICULAR PURPOSE.

# This program built for i386-apple-darwin11.3.0

# Make data base, printed on Sat Jul 23 21:21:48 2022

# Variables

# automatic
<D = $(patsubst %/,%,$(dir $<))
# automatic
?F = $(notdir $?)
# environment
VSCODE_LOG_NATIVE = false
# automatic
?D = $(patsubst %/,%,$(dir $?))
# automatic
@D = $(patsubst %/,%,$(dir $@))
# automatic
@F = $(notdir $@)
# makefile
CURDIR := /Users/fmehdaou/Desktop/ft_containers
# makefile
SHELL = /bin/sh
# makefile (from `Makefile', line 31)
RM = rm -rf 
# environment
VSCODE_NLS_CONFIG = {"locale":"en-us","availableLanguages":{},"_languagePackSupport":true}
# environment
_ = /usr/bin/make
# makefile (from `Makefile', line 1)
MAKEFILE_LIST :=  Makefile
# environment
VSCODE_VERBOSE_LOGGING = true
# makefile (from `Makefile', line 27)
OBJS = $(SRCS:.cpp=.o)
# environment
VSCODE_IPC_HOOK_EXTHOST = /var/folders/zz/zyxvpxvq6csfxvn_n000074m0001s5/T/vscode-ipc-8babe337-d6b3-4277-9e63-2a50173f3b2b.sock
# environment
VSCODE_CWD = /
# environment
PATH = /Users/fmehdaou/goinfre/.brew/bin:/Users/fmehdaou/.brew/bin:/Users/fmehdaou/.brew/bin:/Users/fmehdaou/brew/bin:/goinfre/fmehdaou/fvm/versions/2.0.3/bin:/Users/fmehdaou/brew/bin:/Users/fmehdaou/.brew/bin:/Users/fmehdaou/brew/bin:/Users/fmehdaou/brew/bin:/Users/fmehdaou/.brew/bin:/usr/local/bin:/usr/bin:/bin:/usr/sbin:/sbin:/usr/local/munki:/goinfre/fmehdaou/Android/tools:/goinfre/fmehdaou/Android/platform-tools
# environment
LSCOLORS = Gxfxcxdxbxegedabagacad
# environment
LaunchInstanceID = 6070E707-CED1-470D-B18F-D2FEE0033397
# environment
VSCODE_LOG_STACK = false
# environment
ELECTRON_RUN_AS_NODE = 1
# environment
ANDROID_HOME = /goinfre/fmehdaou/Android/
# default
.FEATURES := target-specific order-only second-expansion else-if archives jobserver check-symlink
# environment
SSH_AUTH_SOCK = /private/tmp/com.apple.launchd.lGytFY3mwB/Listeners
# automatic
%F = $(notdir $%)
# environment
VSCODE_PIPE_LOGGING = true
# environment
PWD = /Users/fmehdaou/Desktop/ft_containers
# environment
ORIGINAL_XDG_CURRENT_DESKTOP = undefined
# environment
VSCODE_AMD_ENTRYPOINT = vs/workbench/api/node/extensionHostProcess
# environment
HOME = /Users/fmehdaou
# default
MAKEFILEPATH = $(shell /usr/bin/xcode-select -print-path 2>/dev/null || echo /Developer)/Makefiles
# environment
VSCODE_CODE_CACHE_PATH = /Users/fmehdaou/Library/Application Support/Code/CachedData/57fd6d0195bb9b9d1b49f6da5db789060795de47
# environment
LOGNAME = fmehdaou
# environment
APPLICATION_INSIGHTS_NO_DIAGNOSTIC_CHANNEL = 1
# makefile (from `Makefile', line 15)
HEADERS = enable_if.hpp is_integral.hpp iterator_traits.hpp iterator.hpp reverse_iterator.hpp vector.hpp viterator.hpp stack.hpp
# environment
ZSH = /Users/fmehdaou/.oh-my-zsh
# environment
VSCODE_HANDLES_UNCAUGHT_ERRORS = true
# automatic
^D = $(patsubst %/,%,$(dir $^))
# environment
XPC_FLAGS = 0x0
# default
MAKE = $(MAKE_COMMAND)
# default
MAKECMDGOALS := all
# makefile (from `Makefile', line 25)
SRCS = test.cpp 
# environment
SHLVL = 1
# default
MAKE_VERSION := 3.81
# environment
USER = fmehdaou
# makefile
.DEFAULT_GOAL := all
# makefile (from `Makefile', line 13)
NAME = containers
# environment
LESS = -R
# automatic
%D = $(patsubst %/,%,$(dir $%))
# default
MAKE_COMMAND := /Library/Developer/CommandLineTools/usr/bin/make
# default
.VARIABLES := 
# environment
TMPDIR = /var/folders/zz/zyxvpxvq6csfxvn_n000074m0001s5/T/
# automatic
*F = $(notdir $*)
# environment
VSCODE_IPC_HOOK = /Users/fmehdaou/Library/Application Support/Code/1.67.0-main.sock
# makefile
MAKEFLAGS = Rrqp
# environment
MFLAGS = -Rrqp
# automatic
*D = $(patsubst %/,%,$(dir $*))
# environment
XPC_SERVICE_NAME = com.apple.xpc.launchd.oneshot.0x10000002.Electron
# automatic
+D = $(patsubst %/,%,$(dir $+))
# automatic
+F = $(notdir $+)
# environment
__CF_USER_TEXT_ENCODING = 0x725:0x0:0x0
# environment
COMMAND_MODE = unix2003
# default
MAKEFILES := 
# automatic
<F = $(notdir $<)
# environment
PAGER = less
# environment
LC_ALL = C
# environment
SECURITYSESSIONID = 186a7
# automatic
^F = $(notdir $^)
# default
SUFFIXES := 
# makefile (from `Makefile', line 29)
FLAGS = -Wall -Wextra -Werror -std=c++98
# default
.INCLUDE_DIRS = /usr/local/include
# environment
MAKELEVEL := 0
# environment
LANG = C
# environment
VSCODE_PID = 837
# variable set hash-table stats:
# Load=74/1024=7%, Rehash=0, Collisions=3/107=3%

# Pattern-specific Variable Values

# No pattern-specific variable values.

# Directories

# . (device 16777225, inode 6564246): 22 files, no impossibilities.

# 22 files, no impossibilities in 1 directories.

# Implicit Rules

%.o: %.cpp enable_if.hpp is_integral.hpp iterator_traits.hpp iterator.hpp reverse_iterator.hpp vector.hpp viterator.hpp stack.hpp
#  commands to execute (from `Makefile', line 34):
	@clang++ ${FLAGS} -o $@ -c $<
	

# 1 implicit rules, 0 (0.0%) terminal.

# Files

all: containers
#  Phony target (prerequisite of .PHONY).
#  Command-line target.
#  Implicit rule search has not been done.
#  File does not exist.
#  File has been updated.
#  Needs to be updated (-q is set).
# variable set hash-table stats:
# Load=0/32=0%, Rehash=0, Collisions=0/3=0%

containers: test.o
#  Implicit rule search has not been done.
#  File does not exist.
#  File has been updated.
#  Needs to be updated (-q is set).
# variable set hash-table stats:
# Load=0/32=0%, Rehash=0, Collisions=0/3=0%
#  commands to execute (from `Makefile', line 41):
	@clang++ ${FLAGS} ${OBJS} -o ${NAME}
	

.PHONY: clean bonus fclean all re all clean fclean re
#  Implicit rule search has not been done.
#  Modification time never checked.
#  File has not been updated.

# Not a target:
.SUFFIXES:
#  Implicit rule search has not been done.
#  Modification time never checked.
#  File has not been updated.

# Not a target:
vector.hpp:
#  Implicit rule search has been done.
#  Last modified 2022-07-23 21:15:28
#  File has been updated.
#  Successfully updated.
# variable set hash-table stats:
# Load=0/32=0%, Rehash=0, Collisions=0/0=0%

# Not a target:
Makefile:
#  Implicit rule search has been done.
#  Last modified 2022-07-23 20:09:08
#  File has been updated.
#  Successfully updated.
# variable set hash-table stats:
# Load=0/32=0%, Rehash=0, Collisions=0/0=0%

test.o: test.cpp enable_if.hpp is_integral.hpp iterator_traits.hpp iterator.hpp reverse_iterator.hpp vector.hpp viterator.hpp stack.hpp
#  Implicit rule search has been done.
#  Implicit/static pattern stem: `test'
#  File does not exist.
#  File has been updated.
#  Needs to be updated (-q is set).
# automatic
# @ := test.o
# automatic
# % := 
# automatic
# * := test
# automatic
# + := test.cpp enable_if.hpp is_integral.hpp iterator_traits.hpp iterator.hpp reverse_iterator.hpp vector.hpp viterator.hpp stack.hpp
# automatic
# | := 
# automatic
# < := test.cpp
# automatic
# ^ := test.cpp enable_if.hpp is_integral.hpp iterator_traits.hpp iterator.hpp reverse_iterator.hpp vector.hpp viterator.hpp stack.hpp
# automatic
# ? := test.cpp enable_if.hpp is_integral.hpp iterator_traits.hpp iterator.hpp reverse_iterator.hpp vector.hpp viterator.hpp stack.hpp
# variable set hash-table stats:
# Load=8/32=25%, Rehash=0, Collisions=1/13=8%
#  commands to execute (from `Makefile', line 34):
	@clang++ ${FLAGS} -o $@ -c $<
	

bonus:
#  Phony target (prerequisite of .PHONY).
#  Implicit rule search has not been done.
#  File does not exist.
#  File has not been updated.

fclean: clean
#  Phony target (prerequisite of .PHONY).
#  Implicit rule search has not been done.
#  File does not exist.
#  File has not been updated.
#  commands to execute (from `Makefile', line 47):
	@$(RM) $(NAME)
	

# Not a target:
.DEFAULT:
#  Implicit rule search has not been done.
#  Modification time never checked.
#  File has not been updated.

# Not a target:
stack.hpp:
#  Implicit rule search has been done.
#  Last modified 2022-07-23 20:09:38
#  File has been updated.
#  Successfully updated.
# variable set hash-table stats:
# Load=0/32=0%, Rehash=0, Collisions=0/0=0%

# Not a target:
 
iterator.hpp:
#  Implicit rule search has been done.
#  Last modified 2022-07-21 17:44:33
#  File has been updated.
#  Successfully updated.
# variable set hash-table stats:
# Load=0/32=0%, Rehash=0, Collisions=0/0=0%

re: fclean containers
#  Phony target (prerequisite of .PHONY).
#  Implicit rule search has not been done.
#  File does not exist.
#  File has not been updated.

# Not a target:
reverse_iterator.hpp:
#  Implicit rule search has been done.
#  Last modified 2022-07-23 17:33:08
#  File has been updated.
#  Successfully updated.
# variable set hash-table stats:
# Load=0/32=0%, Rehash=0, Collisions=0/0=0%

clean:
#  Phony target (prerequisite of .PHONY).
#  Implicit rule search has not been done.
#  File does not exist.
#  File has not been updated.
#  commands to execute (from `Makefile', line 44):
	@$(RM) $(OBJS)
	

# Not a target:
viterator.hpp:
#  Implicit rule search has been done.
#  Last modified 2022-07-23 17:35:04
#  File has been updated.
#  Successfully updated.
# variable set hash-table stats:
# Load=0/32=0%, Rehash=0, Collisions=0/0=0%

# Not a target:
is_integral.hpp:
#  Implicit rule search has been done.
#  Last modified 2021-11-11 16:03:23
#  File has been updated.
#  Successfully updated.
# variable set hash-table stats:
# Load=0/32=0%, Rehash=0, Collisions=0/0=0%

# Not a target:
enable_if.hpp:
#  Implicit rule search has been done.
#  Last modified 2022-07-23 11:39:49
#  File has been updated.
#  Successfully updated.
# variable set hash-table stats:
# Load=0/32=0%, Rehash=0, Collisions=0/0=0%

# Not a target:
iterator_traits.hpp:
#  Implicit rule search has been done.
#  Last modified 2021-11-14 13:24:24
#  File has been updated.
#  Successfully updated.
# variable set hash-table stats:
# Load=0/32=0%, Rehash=0, Collisions=0/0=0%

# Not a target:
test.cpp:
#  Implicit rule search has been done.
#  Last modified 2022-07-23 18:29:23
#  File has been updated.
#  Successfully updated.
# variable set hash-table stats:
# Load=0/32=0%, Rehash=0, Collisions=0/0=0%

# files hash-table stats:
# Load=20/1024=2%, Rehash=0, Collisions=8/67=12%
# VPATH Search Paths

# No `vpath' search paths.

# No general (`VPATH' variable) search path.

# # of strings in strcache: 1
# # of strcache buffers: 1
# strcache size: total = 4096 / max = 4096 / min = 4096 / avg = 4096
# strcache free: total = 4087 / max = 4087 / min = 4087 / avg = 4087

# Finished Make data base on Sat Jul 23 21:21:48 2022

 
